#
# A fatal error has been detected by the Java Runtime Environment:
#
#  SIGSEGV (0xb) at pc=0x000000010313325c, pid=2938, tid=18179
#
# JRE version: Java(TM) SE Runtime Environment (7.0_55-b13) (build 1.7.0_55-b13)
# Java VM: Java HotSpot(TM) 64-Bit Server VM (24.55-b03 mixed mode bsd-amd64 compressed oops)
# Problematic frame:
# V  [libjvm.dylib+0x33325c]  jvmti_IsMethodSynthetic+0xb9
#
# Failed to write core dump. Core dumps have been disabled. To enable core dumping, try "ulimit -c unlimited" before starting Java again
#
# If you would like to submit a bug report, please visit:
#   http://bugreport.sun.com/bugreport/crash.jsp
#

---------------  T H R E A D  ---------------

Current thread (0x00007fcaed804000):  JavaThread "JDWP Transport Listener: dt_socket" daemon [_thread_in_vm, id=18179, stack(0x000000010c27e000,0x000000010c37e000)]

siginfo:si_signo=SIGSEGV: si_errno=0, si_code=0 (SEGV0), si_addr=0x0000000000000000

Registers:
RAX=0x0000000000000001, RBX=0x000000010c37da8b, RCX=0x00000000001f8100, RDX=0x000000010c37da8b
RSP=0x000000010c37d9f0, RBP=0x000000010c37da40, RSI=0x00007fcaed804000, RDI=0x00007fcaebf02580
R8 =0x0000000000000000, R9 =0x00007fcaebf00000, R10=0x0000000000000010, R11=0x00007fcaebf00000
R12=0x00007fcaed804000, R13=0x00470072006f0046, R14=0x00470072006f0046, R15=0x00007fcaebf02580
RIP=0x000000010313325c, EFLAGS=0x0000000000010202, ERR=0x0000000000000000
  TRAPNO=0x000000000000000d

Top of Stack: (sp=0x000000010c37d9f0)
0x000000010c37d9f0:   00007fcaed804000 0000000000000000
0x000000010c37da00:   0000000000000000 0000000000000000
0x000000010c37da10:   00007fcaed804000 00007fcaed804000
0x000000010c37da20:   000000010c37da8b 000000010c37da90
0x000000010c37da30:   00470072006f0046 0000000000000009
0x000000010c37da40:   000000010c37da60 0000000101d1e1f8
0x000000010c37da50:   0000000000000001 000000010c37db08
0x000000010c37da60:   000000010c37dad0 0000000101d0302b
0x000000010c37da70:   000000010c37daa0 00007fcaee659b80
0x000000010c37da80:   0000000a00000032 000000010037db08
0x000000010c37da90:   0000000000000000 0000000000000000
0x000000010c37daa0:   0000000000000000 000000010c37dc90
0x000000010c37dab0:   0000000101d25dc0 00007fcaee482190
0x000000010c37dac0:   000000010c37db08 0000000101d31578
0x000000010c37dad0:   000000010c37dae0 0000000101d03124
0x000000010c37dae0:   000000010c37dd00 0000000101d0c6b2
0x000000010c37daf0:   0000519e00000013 00000000000f0200
0x000000010c37db00:   00007fcaee480580 00007fcaf183663f
0x000000010c37db10:   00007fca00000471 00007fcaebff2320
0x000000010c37db20:   00007fca0000012c 000000010c37db58
0x000000010c37db30:   00007fcaee654a30 00007f0000000000
0x000000010c37db40:   0000519e0000001c 00007fff0000bf80
0x000000010c37db50:   000000010c37db58 ca7f00000a000000
0x000000010c37db60:   11000000287554ee 61726f7453746567
0x000000010c37db70:   6369767265536567 6a4c283d00000065
0x000000010c37db80:   676e616c2f617661 3b676e697274532f
0x000000010c37db90:   6f672f6d6f634c29 6970612f656c676f
0x000000010c37dba0:   656369767265732f 6761726f74732f73
0x000000010c37dbb0:   6761726f74532f65 0000000000003b65
0x000000010c37dbc0:   54eeca7f00000200 693c06000000e074
0x000000010c37dbd0:   6b0000003e74696e 2f786176616a4c28
0x000000010c37dbe0:   2f74656c76726573 4974656c76726553 

Instructions: (pc=0x000000010313325c)
0x000000010313323c:   00 00 00 41 f6 87 68 01 00 00 10 75 07 b8 63 00
0x000000010313324c:   00 00 eb 7a 4d 85 f6 75 07 b8 17 00 00 00 eb 6e
0x000000010313325c:   4d 8b 36 48 b8 fe fe fe fe fe fe fe fe 49 39 c6
0x000000010313326c:   74 e7 4d 85 f6 74 e2 48 8d 05 16 fa 4c 00 80 38 

Register to memory mapping:

RAX=0x0000000000000001 is an unknown value
RBX=0x000000010c37da8b is pointing into the stack for thread: 0x00007fcaed804000
RCX=0x00000000001f8100 is an unknown value
RDX=0x000000010c37da8b is pointing into the stack for thread: 0x00007fcaed804000
RSP=0x000000010c37d9f0 is pointing into the stack for thread: 0x00007fcaed804000
RBP=0x000000010c37da40 is pointing into the stack for thread: 0x00007fcaed804000
RSI=0x00007fcaed804000 is a thread
RDI=0x00007fcaebf02580 is an unknown value
R8 =0x0000000000000000 is an unknown value
R9 =0x00007fcaebf00000 is an unknown value
R10=0x0000000000000010 is an unknown value
R11=0x00007fcaebf00000 is an unknown value
R12=0x00007fcaed804000 is a thread
R13=0x00470072006f0046 is an unknown value
R14=0x00470072006f0046 is an unknown value
R15=0x00007fcaebf02580 is an unknown value


Stack: [0x000000010c27e000,0x000000010c37e000],  sp=0x000000010c37d9f0,  free space=1022k
Native frames: (J=compiled Java code, j=interpreted, Vv=VM code, C=native code)
V  [libjvm.dylib+0x33325c]  jvmti_IsMethodSynthetic+0xb9
C  [libjdwp.dylib+0x201f8]  isMethodSynthetic+0x63
C  [libjdwp.dylib+0x502b]  methods1+0x10b
C  [libjdwp.dylib+0x5124]  methodsWithGeneric+0xe
C  [libjdwp.dylib+0xe6b2]  debugLoop_run+0x1ce
C  [libjdwp.dylib+0x1f132]  attachThread+0x4d
V  [libjvm.dylib+0x373e7e]  JvmtiAgentThread::call_start_function()+0x38
V  [libjvm.dylib+0x4efb17]  JavaThread::thread_main_inner()+0x9b
V  [libjvm.dylib+0x4f121f]  JavaThread::run()+0x1a3
V  [libjvm.dylib+0x41b14e]  java_start(Thread*)+0x126
C  [libsystem_pthread.dylib+0x3268]  _pthread_body+0x83
C  [libsystem_pthread.dylib+0x31e5]  _pthread_body+0x0
C  [libsystem_pthread.dylib+0x141d]  thread_start+0xd


---------------  P R O C E S S  ---------------

Java Threads: ( => current thread )
  0x00007fcaf183a800 JavaThread "1746954729@qtp-293064362-10" [_thread_blocked, id=31539, stack(0x000000010e9d1000,0x000000010ead1000)]
  0x00007fcaf114c000 JavaThread "Thread-14" daemon [_thread_blocked, id=35075, stack(0x000000010fd57000,0x000000010fe57000)]
  0x00007fcaec38a000 JavaThread "Thread-13" daemon [_thread_blocked, id=34055, stack(0x000000010f5ef000,0x000000010f6ef000)]
  0x00007fcaed31b000 JavaThread "Timer-2" daemon [_thread_blocked, id=33287, stack(0x000000010f84e000,0x000000010f94e000)]
  0x00007fcaeca27000 JavaThread "Timer-1" daemon [_thread_blocked, id=32515, stack(0x000000010f974000,0x000000010fa74000)]
  0x00007fcaed04c000 JavaThread "937233228@qtp-293064362-1 - Acceptor0 SelectChannelConnector@127.0.0.1:8888" [_thread_in_native, id=32003, stack(0x000000010ef4b000,0x000000010f04b000)]
  0x00007fcaed0bc800 JavaThread "Timer-0" daemon [_thread_blocked, id=29459, stack(0x000000010e341000,0x000000010e441000)]
  0x00007fcaec80b800 JavaThread "Service Thread" daemon [_thread_blocked, id=20739, stack(0x000000010cb85000,0x000000010cc85000)]
  0x00007fcaec80b000 JavaThread "C2 CompilerThread1" daemon [_thread_blocked, id=20227, stack(0x000000010ca82000,0x000000010cb82000)]
  0x00007fcaec801000 JavaThread "C2 CompilerThread0" daemon [_thread_blocked, id=19715, stack(0x000000010c97f000,0x000000010ca7f000)]
  0x00007fcaee800000 JavaThread "JDWP Command Reader" daemon [_thread_in_native, id=19203, stack(0x000000010c484000,0x000000010c584000)]
  0x00007fcaed807000 JavaThread "JDWP Event Helper Thread" daemon [_thread_blocked, id=18691, stack(0x000000010c381000,0x000000010c481000)]
=>0x00007fcaed804000 JavaThread "JDWP Transport Listener: dt_socket" daemon [_thread_in_vm, id=18179, stack(0x000000010c27e000,0x000000010c37e000)]
  0x00007fcaed060000 JavaThread "Signal Dispatcher" daemon [_thread_blocked, id=17439, stack(0x000000010c175000,0x000000010c275000)]
  0x00007fcaed802000 JavaThread "Finalizer" daemon [_thread_blocked, id=13571, stack(0x000000010a7af000,0x000000010a8af000)]
  0x00007fcaec022000 JavaThread "Reference Handler" daemon [_thread_blocked, id=13059, stack(0x000000010a6ac000,0x000000010a7ac000)]
  0x00007fcaec013800 JavaThread "main" [_thread_blocked, id=1811, stack(0x00007fff5dfd6000,0x00007fff5e056000)]

Other Threads:
  0x00007fcaed048000 VMThread [stack: 0x000000010a5a9000,0x000000010a6a9000] [id=12547]
  0x00007fcaec80c800 WatcherThread [stack: 0x000000010cc88000,0x000000010cd88000] [id=21251]

VM state:not at safepoint (normal execution)

VM Mutex/Monitor currently owned by a thread: None

Heap
 PSYoungGen      total 118784K, used 24062K [0x00000007f5500000, 0x00000007fed80000, 0x0000000800000000)
  eden space 116224K, 18% used [0x00000007f5500000,0x00000007f6a41150,0x00000007fc680000)
  from space 2560K, 89% used [0x00000007fca00000,0x00000007fcc3e818,0x00000007fcc80000)
  to   space 19968K, 0% used [0x00000007fda00000,0x00000007fda00000,0x00000007fed80000)
 ParOldGen       total 174592K, used 37393K [0x00000007e0000000, 0x00000007eaa80000, 0x00000007f5500000)
  object space 174592K, 21% used [0x00000007e0000000,0x00000007e24844c8,0x00000007eaa80000)
 PSPermGen       total 39424K, used 39315K [0x00000007dae00000, 0x00000007dd480000, 0x00000007e0000000)
  object space 39424K, 99% used [0x00000007dae00000,0x00000007dd464c30,0x00000007dd480000)

Card table byte_map: [0x0000000106913000,0x0000000106a3d000] byte_map_base: 0x0000000102a3c000

Polling page: 0x0000000101cfd000

Code Cache  [0x0000000103853000, 0x0000000103b93000, 0x0000000106853000)
 total_blobs=1141 nmethods=765 adapters=337 free_code_cache=46001Kb largest_free_block=46982208

Compilation events (10 events):
Event: 560.886 Thread 0x00007fcaec80b000  872             com.google.api.client.util.Types::resolveTypeVariable (198 bytes)
Event: 560.945 Thread 0x00007fcaec80b000 nmethod 872 0x0000000103b7bdd0 code [0x0000000103b7c460, 0x0000000103b7f110]
Event: 578.849 Thread 0x00007fcaec801000  873             com.google.appengine.repackaged.org.apache.http.util.ByteArrayBuffer::append (154 bytes)
Event: 578.854 Thread 0x00007fcaec801000 nmethod 873 0x0000000103aa4e10 code [0x0000000103aa4f80, 0x0000000103aa5368]
Event: 590.330 Thread 0x00007fcaec80b000  874             java.util.regex.Matcher::match (109 bytes)
Event: 590.333 Thread 0x00007fcaec80b000 nmethod 874 0x00000001039c04d0 code [0x00000001039c0620, 0x00000001039c0838]
Event: 630.928 Thread 0x00007fcaec801000  875             com.google.appengine.repackaged.com.google.protobuf.Utf8::partialIsValidUtf8 (33 bytes)
Event: 630.931 Thread 0x00007fcaec801000 nmethod 875 0x00000001039c00d0 code [0x00000001039c0220, 0x00000001039c03e8]
Event: 1344.859 Thread 0x00007fcaec80b000  876   !         org.mortbay.util.URIUtil::encodePath (480 bytes)
Event: 1344.868 Thread 0x00007fcaec80b000 nmethod 876 0x00000001039925d0 code [0x0000000103992da0, 0x00000001039931f8]

GC Heap History (10 events):
Event: 12.893 GC heap before
{Heap before GC invocations=7 (full 0):
 PSYoungGen      total 80384K, used 78943K [0x00000007f5500000, 0x00000007ff400000, 0x0000000800000000)
  eden space 64000K, 100% used [0x00000007f5500000,0x00000007f9380000,0x00000007f9380000)
  from space 16384K, 91% used [0x00000007fa400000,0x00000007fb297de8,0x00000007fb400000)
  to   space 16896K, 0% used [0x00000007f9380000,0x00000007f9380000,0x00000007fa400000)
 ParOldGen       total 174592K, used 10753K [0x00000007e0000000, 0x00000007eaa80000, 0x00000007f5500000)
  object space 174592K, 6% used [0x00000007e0000000,0x00000007e0a804b0,0x00000007eaa80000)
 PSPermGen       total 34816K, used 34595K [0x00000007dae00000, 0x00000007dd000000, 0x00000007e0000000)
  object space 34816K, 99% used [0x00000007dae00000,0x00000007dcfc8ed0,0x00000007dd000000)
Event: 12.907 GC heap after
Heap after GC invocations=7 (full 0):
 PSYoungGen      total 80896K, used 12067K [0x00000007f5500000, 0x00000007ff300000, 0x0000000800000000)
  eden space 64000K, 0% used [0x00000007f5500000,0x00000007f5500000,0x00000007f9380000)
  from space 16896K, 71% used [0x00000007f9380000,0x00000007f9f48da0,0x00000007fa400000)
  to   space 16896K, 0% used [0x00000007fe280000,0x00000007fe280000,0x00000007ff300000)
 ParOldGen       total 174592K, used 18311K [0x00000007e0000000, 0x00000007eaa80000, 0x00000007f5500000)
  object space 174592K, 10% used [0x00000007e0000000,0x00000007e11e1c60,0x00000007eaa80000)
 PSPermGen       total 34816K, used 34595K [0x00000007dae00000, 0x00000007dd000000, 0x00000007e0000000)
  object space 34816K, 99% used [0x00000007dae00000,0x00000007dcfc8ed0,0x00000007dd000000)
}
Event: 15.464 GC heap before
{Heap before GC invocations=8 (full 0):
 PSYoungGen      total 80896K, used 76067K [0x00000007f5500000, 0x00000007ff300000, 0x0000000800000000)
  eden space 64000K, 100% used [0x00000007f5500000,0x00000007f9380000,0x00000007f9380000)
  from space 16896K, 71% used [0x00000007f9380000,0x00000007f9f48da0,0x00000007fa400000)
  to   space 16896K, 0% used [0x00000007fe280000,0x00000007fe280000,0x00000007ff300000)
 ParOldGen       total 174592K, used 18311K [0x00000007e0000000, 0x00000007eaa80000, 0x00000007f5500000)
  object space 174592K, 10% used [0x00000007e0000000,0x00000007e11e1c60,0x00000007eaa80000)
 PSPermGen       total 36864K, used 36410K [0x00000007dae00000, 0x00000007dd200000, 0x00000007e0000000)
  object space 36864K, 98% used [0x00000007dae00000,0x00000007dd18ea68,0x00000007dd200000)
Event: 15.475 GC heap after
Heap after GC invocations=8 (full 0):
 PSYoungGen      total 144384K, used 15021K [0x00000007f5500000, 0x00000007ff400000, 0x0000000800000000)
  eden space 127488K, 0% used [0x00000007f5500000,0x00000007f5500000,0x00000007fd180000)
  from space 16896K, 88% used [0x00000007fe280000,0x00000007ff12b660,0x00000007ff300000)
  to   space 17408K, 0% used [0x00000007fd180000,0x00000007fd180000,0x00000007fe280000)
 ParOldGen       total 174592K, used 20929K [0x00000007e0000000, 0x00000007eaa80000, 0x00000007f5500000)
  object space 174592K, 11% used [0x00000007e0000000,0x00000007e14707c0,0x00000007eaa80000)
 PSPermGen       total 36864K, used 36410K [0x00000007dae00000, 0x00000007dd200000, 0x00000007e0000000)
  object space 36864K, 98% used [0x00000007dae00000,0x00000007dd18ea68,0x00000007dd200000)
}
Event: 27.778 GC heap before
{Heap before GC invocations=9 (full 0):
 PSYoungGen      total 144384K, used 142509K [0x00000007f5500000, 0x00000007ff400000, 0x0000000800000000)
  eden space 127488K, 100% used [0x00000007f5500000,0x00000007fd180000,0x00000007fd180000)
  from space 16896K, 88% used [0x00000007fe280000,0x00000007ff12b660,0x00000007ff300000)
  to   space 17408K, 0% used [0x00000007fd180000,0x00000007fd180000,0x00000007fe280000)
 ParOldGen       total 174592K, used 20929K [0x00000007e0000000, 0x00000007eaa80000, 0x00000007f5500000)
  object space 174592K, 11% used [0x00000007e0000000,0x00000007e14707c0,0x00000007eaa80000)
 PSPermGen       total 37888K, used 37866K [0x00000007dae00000, 0x00000007dd300000, 0x00000007e0000000)
  object space 37888K, 99% used [0x00000007dae00000,0x00000007dd2faa78,0x00000007dd300000)
Event: 27.788 GC heap after
Heap after GC invocations=9 (full 0):
 PSYoungGen      total 139264K, used 15465K [0x00000007f5500000, 0x00000007ff080000, 0x0000000800000000)
  eden space 123392K, 0% used [0x00000007f5500000,0x00000007f5500000,0x00000007fcd80000)
  from space 15872K, 97% used [0x00000007fd180000,0x00000007fe09a508,0x00000007fe100000)
  to   space 15872K, 0% used [0x00000007fe100000,0x00000007fe100000,0x00000007ff080000)
 ParOldGen       total 174592K, used 21871K [0x00000007e0000000, 0x00000007eaa80000, 0x00000007f5500000)
  object space 174592K, 12% used [0x00000007e0000000,0x00000007e155bca0,0x00000007eaa80000)
 PSPermGen       total 37888K, used 37866K [0x00000007dae00000, 0x00000007dd300000, 0x00000007e0000000)
  object space 37888K, 99% used [0x00000007dae00000,0x00000007dd2faa78,0x00000007dd300000)
}
Event: 555.611 GC heap before
{Heap before GC invocations=10 (full 0):
 PSYoungGen      total 139264K, used 138857K [0x00000007f5500000, 0x00000007ff080000, 0x0000000800000000)
  eden space 123392K, 100% used [0x00000007f5500000,0x00000007fcd80000,0x00000007fcd80000)
  from space 15872K, 97% used [0x00000007fd180000,0x00000007fe09a508,0x00000007fe100000)
  to   space 15872K, 0% used [0x00000007fe100000,0x00000007fe100000,0x00000007ff080000)
 ParOldGen       total 174592K, used 21871K [0x00000007e0000000, 0x00000007eaa80000, 0x00000007f5500000)
  object space 174592K, 12% used [0x00000007e0000000,0x00000007e155bca0,0x00000007eaa80000)
 PSPermGen       total 39424K, used 39144K [0x00000007dae00000, 0x00000007dd480000, 0x00000007e0000000)
  object space 39424K, 99% used [0x00000007dae00000,0x00000007dd43a3f0,0x00000007dd480000)
Event: 555.620 GC heap after
Heap after GC invocations=10 (full 0):
 PSYoungGen      total 134144K, used 4699K [0x00000007f5500000, 0x00000007fef00000, 0x0000000800000000)
  eden space 119808K, 0% used [0x00000007f5500000,0x00000007f5500000,0x00000007fca00000)
  from space 14336K, 32% used [0x00000007fe100000,0x00000007fe596fd0,0x00000007fef00000)
  to   space 18944K, 0% used [0x00000007fca00000,0x00000007fca00000,0x00000007fdc80000)
 ParOldGen       total 174592K, used 34012K [0x00000007e0000000, 0x00000007eaa80000, 0x00000007f5500000)
  object space 174592K, 19% used [0x00000007e0000000,0x00000007e2137280,0x00000007eaa80000)
 PSPermGen       total 39424K, used 39144K [0x00000007dae00000, 0x00000007dd480000, 0x00000007e0000000)
  object space 39424K, 99% used [0x00000007dae00000,0x00000007dd43a3f0,0x00000007dd480000)
}
Event: 575.320 GC heap before
{Heap before GC invocations=11 (full 0):
 PSYoungGen      total 134144K, used 114351K [0x00000007f5500000, 0x00000007fef00000, 0x0000000800000000)
  eden space 119808K, 91% used [0x00000007f5500000,0x00000007fc014c88,0x00000007fca00000)
  from space 14336K, 32% used [0x00000007fe100000,0x00000007fe596fd0,0x00000007fef00000)
  to   space 18944K, 0% used [0x00000007fca00000,0x00000007fca00000,0x00000007fdc80000)
 ParOldGen       total 174592K, used 34012K [0x00000007e0000000, 0x00000007eaa80000, 0x00000007f5500000)
  object space 174592K, 19% used [0x00000007e0000000,0x00000007e2137280,0x00000007eaa80000)
 PSPermGen       total 39424K, used 39149K [0x00000007dae00000, 0x00000007dd480000, 0x00000007e0000000)
  object space 39424K, 99% used [0x00000007dae00000,0x00000007dd43b710,0x00000007dd480000)
Event: 575.324 GC heap after
Heap after GC invocations=11 (full 0):
 PSYoungGen      total 118784K, used 2298K [0x00000007f5500000, 0x00000007fed80000, 0x0000000800000000)
  eden space 116224K, 0% used [0x00000007f5500000,0x00000007f5500000,0x00000007fc680000)
  from space 2560K, 89% used [0x00000007fca00000,0x00000007fcc3e818,0x00000007fcc80000)
  to   space 19968K, 0% used [0x00000007fda00000,0x00000007fda00000,0x00000007fed80000)
 ParOldGen       total 174592K, used 37393K [0x00000007e0000000, 0x00000007eaa80000, 0x00000007f5500000)
  object space 174592K, 21% used [0x00000007e0000000,0x00000007e24844c8,0x00000007eaa80000)
 PSPermGen       total 39424K, used 39149K [0x00000007dae00000, 0x00000007dd480000, 0x00000007e0000000)
  object space 39424K, 99% used [0x00000007dae00000,0x00000007dd43b710,0x00000007dd480000)
}

Deoptimization events (10 events):
Event: 221.676 Thread 0x00007fcaec38a000 Uncommon trap: reason=null_check action=make_not_entrant pc=0x00000001038c7468 method=com.google.apphosting.api.ApiProxy.getCurrentEnvironment()Lcom/google/apphosting/api/ApiProxy$Environment; @ 6
Event: 303.425 Thread 0x00007fcaed04c000 Uncommon trap: reason=predicate action=maybe_recompile pc=0x0000000103b4dc5c method=java.util.Arrays.fill([Ljava/lang/Object;Ljava/lang/Object;)V @ 10
Event: 510.951 Thread 0x00007fcaed04c000 Uncommon trap: reason=array_check action=maybe_recompile pc=0x000000010390f9c8 method=java.util.Arrays.fill([Ljava/lang/Object;Ljava/lang/Object;)V @ 13
Event: 511.956 Thread 0x00007fcaed04c000 Uncommon trap: reason=array_check action=maybe_recompile pc=0x000000010390f9c8 method=java.util.Arrays.fill([Ljava/lang/Object;Ljava/lang/Object;)V @ 13
Event: 512.958 Thread 0x00007fcaed04c000 Uncommon trap: reason=array_check action=maybe_recompile pc=0x000000010390f9c8 method=java.util.Arrays.fill([Ljava/lang/Object;Ljava/lang/Object;)V @ 13
Event: 513.960 Thread 0x00007fcaed04c000 Uncommon trap: reason=array_check action=maybe_recompile pc=0x000000010390f9c8 method=java.util.Arrays.fill([Ljava/lang/Object;Ljava/lang/Object;)V @ 13
Event: 552.754 Thread 0x00007fcaf0a4e800 Uncommon trap: reason=unreached action=reinterpret pc=0x0000000103ab0234 method=java.lang.Class.arrayContentsEq([Ljava/lang/Object;[Ljava/lang/Object;)Z @ 1
Event: 552.758 Thread 0x00007fcaf0a4e800 Uncommon trap: reason=array_check action=maybe_recompile pc=0x0000000103945518 method=java.util.Arrays.fill([Ljava/lang/Object;Ljava/lang/Object;)V @ 13
Event: 566.904 Thread 0x00007fcaf0a4e800 Uncommon trap: reason=class_check action=maybe_recompile pc=0x0000000103b2b518 method=com.google.gson.internal.bind.TypeAdapterRuntimeTypeWrapper.getRuntimeTypeIfMoreSpecific(Ljava/lang/reflect/Type;Ljava/lang/Object;)Ljava/lang/reflect/Type; @ 18
Event: 566.904 Thread 0x00007fcaf0a4e800 Uncommon trap: reason=class_check action=maybe_recompile pc=0x0000000103b2b518 method=com.google.gson.internal.bind.TypeAdapterRuntimeTypeWrapper.getRuntimeTypeIfMoreSpecific(Ljava/lang/reflect/Type;Ljava/lang/Object;)Ljava/lang/reflect/Type; @ 18

Internal exceptions (10 events):
Event: 570.309 Thread 0x00007fcaf13c2800 Threw 0x00000007f7043090 at /HUDSON/workspace/7u-2-build-macosx-x86_64/jdk7u55/869/hotspot/src/share/vm/prims/jni.cpp:743
Event: 575.039 Thread 0x00007fcaf13c2800 Threw 0x00000007f704c0f0 at /HUDSON/workspace/7u-2-build-macosx-x86_64/jdk7u55/869/hotspot/src/share/vm/prims/jni.cpp:743
Event: 575.334 Thread 0x00007fcaf13c2800 Threw 0x00000007f6000b68 at /HUDSON/workspace/7u-2-build-macosx-x86_64/jdk7u55/869/hotspot/src/share/vm/prims/jni.cpp:743
Event: 578.849 Thread 0x00007fcaf13c2800 Threw 0x00000007f60114e0 at /HUDSON/workspace/7u-2-build-macosx-x86_64/jdk7u55/869/hotspot/src/share/vm/prims/jni.cpp:743
Event: 584.693 Thread 0x00007fcaf13c2800 Threw 0x00000007f6019cd0 at /HUDSON/workspace/7u-2-build-macosx-x86_64/jdk7u55/869/hotspot/src/share/vm/prims/jni.cpp:743
Event: 589.841 Thread 0x00007fcaf13c2800 Threw 0x00000007f60220f0 at /HUDSON/workspace/7u-2-build-macosx-x86_64/jdk7u55/869/hotspot/src/share/vm/prims/jni.cpp:743
Event: 602.975 Thread 0x00007fcaf13c2800 Threw 0x00000007f62334a8 at /HUDSON/workspace/7u-2-build-macosx-x86_64/jdk7u55/869/hotspot/src/share/vm/prims/jni.cpp:743
Event: 620.339 Thread 0x00007fcaf13c2800 Threw 0x00000007f623b638 at /HUDSON/workspace/7u-2-build-macosx-x86_64/jdk7u55/869/hotspot/src/share/vm/prims/jni.cpp:743
Event: 621.189 Thread 0x00007fcaec08b800 Threw 0x00000007f62196f8 at /HUDSON/workspace/7u-2-build-macosx-x86_64/jdk7u55/869/hotspot/src/share/vm/prims/jni.cpp:717
Event: 630.930 Thread 0x00007fcaf13c2800 Threw 0x00000007f6243b30 at /HUDSON/workspace/7u-2-build-macosx-x86_64/jdk7u55/869/hotspot/src/share/vm/prims/jni.cpp:743

Events (10 events):
Event: 864.228 Executing VM operation: RevokeBias
Event: 864.228 Executing VM operation: RevokeBias done
Event: 864.228 Executing VM operation: RevokeBias
Event: 864.228 Executing VM operation: RevokeBias done
Event: 18150.901 Executing VM operation: RevokeBias
Event: 18150.901 Executing VM operation: RevokeBias done
Event: 18150.901 Executing VM operation: RevokeBias
Event: 18150.901 Executing VM operation: RevokeBias done
Event: 18243.105 Executing VM operation: RedefineClasses
Event: 18243.111 Executing VM operation: RedefineClasses done


Dynamic libraries:
0x000000000d7f7000 	/System/Library/Frameworks/Cocoa.framework/Versions/A/Cocoa
0x000000000d7f7000 	/System/Library/Frameworks/Security.framework/Versions/A/Security
0x000000000d7f7000 	/System/Library/Frameworks/ApplicationServices.framework/Versions/A/ApplicationServices
0x000000000d7f7000 	/usr/lib/libz.1.dylib
0x000000000d7f7000 	/usr/lib/libSystem.B.dylib
0x000000000d7f7000 	/usr/lib/libobjc.A.dylib
0x000000000d7f7000 	/System/Library/Frameworks/CoreFoundation.framework/Versions/A/CoreFoundation
0x000000000d7f7000 	/System/Library/Frameworks/Foundation.framework/Versions/C/Foundation
0x000000000d7f7000 	/System/Library/Frameworks/AppKit.framework/Versions/C/AppKit
0x000000000d7f7000 	/System/Library/Frameworks/CoreData.framework/Versions/A/CoreData
0x000000000d7f7000 	/System/Library/PrivateFrameworks/RemoteViewServices.framework/Versions/A/RemoteViewServices
0x000000000d7f7000 	/System/Library/PrivateFrameworks/UIFoundation.framework/Versions/A/UIFoundation
0x000000000d7f7000 	/System/Library/Frameworks/IOSurface.framework/Versions/A/IOSurface
0x000000000d7f7000 	/System/Library/Frameworks/AudioToolbox.framework/Versions/A/AudioToolbox
0x000000000d7f7000 	/System/Library/Frameworks/AudioUnit.framework/Versions/A/AudioUnit
0x000000000d7f7000 	/System/Library/PrivateFrameworks/DataDetectorsCore.framework/Versions/A/DataDetectorsCore
0x000000000d7f7000 	/System/Library/PrivateFrameworks/DesktopServicesPriv.framework/Versions/A/DesktopServicesPriv
0x000000000d7f7000 	/System/Library/Frameworks/Carbon.framework/Versions/A/Frameworks/HIToolbox.framework/Versions/A/HIToolbox
0x000000000d7f7000 	/System/Library/Frameworks/QuartzCore.framework/Versions/A/QuartzCore
0x000000000d7f7000 	/System/Library/Frameworks/Carbon.framework/Versions/A/Frameworks/SpeechRecognition.framework/Versions/A/SpeechRecognition
0x000000000d7f7000 	/usr/lib/libauto.dylib
0x000000000d7f7000 	/usr/lib/libicucore.A.dylib
0x000000000d7f7000 	/usr/lib/libxml2.2.dylib
0x000000000d7f7000 	/System/Library/PrivateFrameworks/CoreUI.framework/Versions/A/CoreUI
0x000000000d7f7000 	/System/Library/Frameworks/CoreAudio.framework/Versions/A/CoreAudio
0x000000000d7f7000 	/System/Library/Frameworks/DiskArbitration.framework/Versions/A/DiskArbitration
0x000000000d7f7000 	/usr/lib/liblangid.dylib
0x000000000d7f7000 	/System/Library/PrivateFrameworks/MultitouchSupport.framework/Versions/A/MultitouchSupport
0x000000000d7f7000 	/System/Library/Frameworks/IOKit.framework/Versions/A/IOKit
0x000000000d7f7000 	/usr/lib/libDiagnosticMessagesClient.dylib
0x000000000d7f7000 	/System/Library/Frameworks/CoreServices.framework/Versions/A/CoreServices
0x000000000d7f7000 	/System/Library/PrivateFrameworks/PerformanceAnalysis.framework/Versions/A/PerformanceAnalysis
0x000000000d7f7000 	/System/Library/PrivateFrameworks/GenerationalStorage.framework/Versions/A/GenerationalStorage
0x000000000d7f7000 	/System/Library/Frameworks/OpenGL.framework/Versions/A/OpenGL
0x000000000d7f7000 	/System/Library/PrivateFrameworks/Sharing.framework/Versions/A/Sharing
0x000000000d7f7000 	/System/Library/Frameworks/CoreGraphics.framework/Versions/A/CoreGraphics
0x000000000d7f7000 	/System/Library/Frameworks/CoreText.framework/Versions/A/CoreText
0x000000000d7f7000 	/System/Library/Frameworks/ImageIO.framework/Versions/A/ImageIO
0x000000000d7f7000 	/usr/lib/libextension.dylib
0x000000000d7f7000 	/System/Library/PrivateFrameworks/Backup.framework/Versions/A/Backup
0x000000000d7f7000 	/usr/lib/libarchive.2.dylib
0x000000000d7f7000 	/System/Library/Frameworks/CFNetwork.framework/Versions/A/CFNetwork
0x000000000d7f7000 	/System/Library/Frameworks/SystemConfiguration.framework/Versions/A/SystemConfiguration
0x000000000d7f7000 	/usr/lib/libCRFSuite.dylib
0x000000000d7f7000 	/usr/lib/libc++.1.dylib
0x000000000d7f7000 	/usr/lib/libc++abi.dylib
0x000000000d7f7000 	/usr/lib/system/libcache.dylib
0x000000000d7f7000 	/usr/lib/system/libcommonCrypto.dylib
0x000000000d7f7000 	/usr/lib/system/libcompiler_rt.dylib
0x000000000d7f7000 	/usr/lib/system/libcopyfile.dylib
0x000000000d7f7000 	/usr/lib/system/libcorecrypto.dylib
0x000000000d7f7000 	/usr/lib/system/libdispatch.dylib
0x000000000d7f7000 	/usr/lib/system/libdyld.dylib
0x000000000d7f7000 	/usr/lib/system/libkeymgr.dylib
0x000000000d7f7000 	/usr/lib/system/liblaunch.dylib
0x000000000d7f7000 	/usr/lib/system/libmacho.dylib
0x000000000d7f7000 	/usr/lib/system/libquarantine.dylib
0x000000000d7f7000 	/usr/lib/system/libremovefile.dylib
0x000000000d7f7000 	/usr/lib/system/libsystem_asl.dylib
0x000000000d7f7000 	/usr/lib/system/libsystem_blocks.dylib
0x000000000d7f7000 	/usr/lib/system/libsystem_c.dylib
0x000000000d7f7000 	/usr/lib/system/libsystem_configuration.dylib
0x000000000d7f7000 	/usr/lib/system/libsystem_coreservices.dylib
0x000000000d7f7000 	/usr/lib/system/libsystem_coretls.dylib
0x000000000d7f7000 	/usr/lib/system/libsystem_dnssd.dylib
0x000000000d7f7000 	/usr/lib/system/libsystem_info.dylib
0x000000000d7f7000 	/usr/lib/system/libsystem_kernel.dylib
0x000000000d7f7000 	/usr/lib/system/libsystem_m.dylib
0x000000000d7f7000 	/usr/lib/system/libsystem_malloc.dylib
0x000000000d7f7000 	/usr/lib/system/libsystem_network.dylib
0x000000000d7f7000 	/usr/lib/system/libsystem_networkextension.dylib
0x000000000d7f7000 	/usr/lib/system/libsystem_notify.dylib
0x000000000d7f7000 	/usr/lib/system/libsystem_platform.dylib
0x000000000d7f7000 	/usr/lib/system/libsystem_pthread.dylib
0x000000000d7f7000 	/usr/lib/system/libsystem_sandbox.dylib
0x000000000d7f7000 	/usr/lib/system/libsystem_secinit.dylib
0x000000000d7f7000 	/usr/lib/system/libsystem_stats.dylib
0x000000000d7f7000 	/usr/lib/system/libsystem_trace.dylib
0x000000000d7f7000 	/usr/lib/system/libunc.dylib
0x000000000d7f7000 	/usr/lib/system/libunwind.dylib
0x000000000d7f7000 	/usr/lib/system/libxpc.dylib
0x000000000d7f7000 	/usr/lib/libbz2.1.0.dylib
0x000000000d7f7000 	/usr/lib/liblzma.5.dylib
0x000000000d7f7000 	/usr/lib/libbsm.0.dylib
0x000000000d7f7000 	/usr/lib/libsqlite3.dylib
0x000000000d7f7000 	/usr/lib/system/libkxld.dylib
0x000000000d7f7000 	/usr/lib/libxar.1.dylib
0x000000000d7f7000 	/usr/lib/libpam.2.dylib
0x000000000d7f7000 	/usr/lib/libOpenScriptingUtil.dylib
0x000000000d7f7000 	/System/Library/Frameworks/CoreServices.framework/Versions/A/Frameworks/FSEvents.framework/Versions/A/FSEvents
0x000000000d7f7000 	/System/Library/Frameworks/CoreServices.framework/Versions/A/Frameworks/CarbonCore.framework/Versions/A/CarbonCore
0x000000000d7f7000 	/System/Library/Frameworks/CoreServices.framework/Versions/A/Frameworks/Metadata.framework/Versions/A/Metadata
0x000000000d7f7000 	/System/Library/Frameworks/CoreServices.framework/Versions/A/Frameworks/OSServices.framework/Versions/A/OSServices
0x000000000d7f7000 	/System/Library/Frameworks/CoreServices.framework/Versions/A/Frameworks/SearchKit.framework/Versions/A/SearchKit
0x000000000d7f7000 	/System/Library/Frameworks/CoreServices.framework/Versions/A/Frameworks/AE.framework/Versions/A/AE
0x000000000d7f7000 	/System/Library/Frameworks/CoreServices.framework/Versions/A/Frameworks/LaunchServices.framework/Versions/A/LaunchServices
0x000000000d7f7000 	/System/Library/Frameworks/CoreServices.framework/Versions/A/Frameworks/DictionaryServices.framework/Versions/A/DictionaryServices
0x000000000d7f7000 	/System/Library/Frameworks/NetFS.framework/Versions/A/NetFS
0x000000000d7f7000 	/System/Library/PrivateFrameworks/NetAuth.framework/Versions/A/NetAuth
0x000000000d7f7000 	/System/Library/PrivateFrameworks/login.framework/Versions/A/Frameworks/loginsupport.framework/Versions/A/loginsupport
0x000000000d7f7000 	/System/Library/PrivateFrameworks/TCC.framework/Versions/A/TCC
0x000000000d7f7000 	/usr/lib/libmecabra.dylib
0x000000000d7f7000 	/System/Library/Frameworks/ApplicationServices.framework/Versions/A/Frameworks/ATS.framework/Versions/A/ATS
0x000000000d7f7000 	/System/Library/Frameworks/ApplicationServices.framework/Versions/A/Frameworks/ColorSync.framework/Versions/A/ColorSync
0x000000000d7f7000 	/System/Library/Frameworks/ApplicationServices.framework/Versions/A/Frameworks/HIServices.framework/Versions/A/HIServices
0x000000000d7f7000 	/System/Library/Frameworks/ApplicationServices.framework/Versions/A/Frameworks/LangAnalysis.framework/Versions/A/LangAnalysis
0x000000000d7f7000 	/System/Library/Frameworks/ApplicationServices.framework/Versions/A/Frameworks/PrintCore.framework/Versions/A/PrintCore
0x000000000d7f7000 	/System/Library/Frameworks/ApplicationServices.framework/Versions/A/Frameworks/QD.framework/Versions/A/QD
0x000000000d7f7000 	/System/Library/Frameworks/ApplicationServices.framework/Versions/A/Frameworks/SpeechSynthesis.framework/Versions/A/SpeechSynthesis
0x000000000d7f7000 	/System/Library/Frameworks/Accelerate.framework/Versions/A/Accelerate
0x000000000d7f7000 	/System/Library/Frameworks/Accelerate.framework/Versions/A/Frameworks/vImage.framework/Versions/A/vImage
0x000000000d7f7000 	/System/Library/Frameworks/Accelerate.framework/Versions/A/Frameworks/vecLib.framework/Versions/A/vecLib
0x000000000d7f7000 	/System/Library/Frameworks/Accelerate.framework/Versions/A/Frameworks/vecLib.framework/Versions/A/libvDSP.dylib
0x000000000d7f7000 	/System/Library/Frameworks/Accelerate.framework/Versions/A/Frameworks/vecLib.framework/Versions/A/libvMisc.dylib
0x000000000d7f7000 	/System/Library/Frameworks/Accelerate.framework/Versions/A/Frameworks/vecLib.framework/Versions/A/libLAPACK.dylib
0x000000000d7f7000 	/System/Library/Frameworks/Accelerate.framework/Versions/A/Frameworks/vecLib.framework/Versions/A/libBLAS.dylib
0x000000000d7f7000 	/System/Library/Frameworks/Accelerate.framework/Versions/A/Frameworks/vecLib.framework/Versions/A/libLinearAlgebra.dylib
0x000000000d7f7000 	/System/Library/Frameworks/ApplicationServices.framework/Versions/A/Frameworks/ATS.framework/Versions/A/Resources/libFontParser.dylib
0x000000000d7f7000 	/System/Library/Frameworks/ApplicationServices.framework/Versions/A/Frameworks/ATS.framework/Versions/A/Resources/libFontRegistry.dylib
0x000000000d7f7000 	/System/Library/PrivateFrameworks/AppleVPA.framework/Versions/A/AppleVPA
0x000000000d7f7000 	/System/Library/PrivateFrameworks/AppleJPEG.framework/Versions/A/AppleJPEG
0x000000000d7f7000 	/System/Library/Frameworks/ImageIO.framework/Versions/A/Resources/libJPEG.dylib
0x000000000d7f7000 	/System/Library/Frameworks/ImageIO.framework/Versions/A/Resources/libTIFF.dylib
0x000000000d7f7000 	/System/Library/Frameworks/ImageIO.framework/Versions/A/Resources/libPng.dylib
0x000000000d7f7000 	/System/Library/Frameworks/ImageIO.framework/Versions/A/Resources/libGIF.dylib
0x000000000d7f7000 	/System/Library/Frameworks/ImageIO.framework/Versions/A/Resources/libJP2.dylib
0x000000000d7f7000 	/System/Library/Frameworks/ImageIO.framework/Versions/A/Resources/libRadiance.dylib
0x000000000d7f7000 	/System/Library/Frameworks/CoreVideo.framework/Versions/A/CoreVideo
0x000000000d7f7000 	/System/Library/Frameworks/OpenGL.framework/Versions/A/Libraries/libGLU.dylib
0x000000000d7f7000 	/System/Library/Frameworks/OpenGL.framework/Versions/A/Libraries/libGFXShared.dylib
0x000000000d7f7000 	/System/Library/Frameworks/OpenGL.framework/Versions/A/Libraries/libGL.dylib
0x000000000d7f7000 	/System/Library/Frameworks/OpenGL.framework/Versions/A/Libraries/libGLImage.dylib
0x000000000d7f7000 	/System/Library/Frameworks/OpenGL.framework/Versions/A/Libraries/libCVMSPluginSupport.dylib
0x000000000d7f7000 	/System/Library/Frameworks/OpenGL.framework/Versions/A/Libraries/libCoreVMClient.dylib
0x000000000d7f7000 	/usr/lib/libcups.2.dylib
0x000000000d7f7000 	/System/Library/Frameworks/Kerberos.framework/Versions/A/Kerberos
0x000000000d7f7000 	/System/Library/Frameworks/GSS.framework/Versions/A/GSS
0x000000000d7f7000 	/usr/lib/libresolv.9.dylib
0x000000000d7f7000 	/usr/lib/libiconv.2.dylib
0x000000000d7f7000 	/System/Library/PrivateFrameworks/Heimdal.framework/Versions/A/Heimdal
0x000000000d7f7000 	/usr/lib/libheimdal-asn1.dylib
0x000000000d7f7000 	/System/Library/Frameworks/OpenDirectory.framework/Versions/A/OpenDirectory
0x000000000d7f7000 	/System/Library/PrivateFrameworks/CommonAuth.framework/Versions/A/CommonAuth
0x000000000d7f7000 	/System/Library/Frameworks/OpenDirectory.framework/Versions/A/Frameworks/CFOpenDirectory.framework/Versions/A/CFOpenDirectory
0x000000000d7f7000 	/System/Library/Frameworks/SecurityFoundation.framework/Versions/A/SecurityFoundation
0x000000000d7f7000 	/System/Library/PrivateFrameworks/LanguageModeling.framework/Versions/A/LanguageModeling
0x000000000d7f7000 	/usr/lib/libcmph.dylib
0x000000000d7f7000 	/System/Library/Frameworks/ServiceManagement.framework/Versions/A/ServiceManagement
0x000000000d7f7000 	/usr/lib/libxslt.1.dylib
0x000000000d7f7000 	/System/Library/Frameworks/Carbon.framework/Versions/A/Frameworks/Ink.framework/Versions/A/Ink
0x000000000d7f7000 	/System/Library/Frameworks/QuartzCore.framework/Versions/A/Frameworks/CoreImage.framework/Versions/A/CoreImage
0x000000000d7f7000 	/System/Library/PrivateFrameworks/CrashReporterSupport.framework/Versions/A/CrashReporterSupport
0x000000000d7f7000 	/System/Library/Frameworks/OpenCL.framework/Versions/A/OpenCL
0x000000000d7f7000 	/System/Library/PrivateFrameworks/FaceCore.framework/Versions/A/FaceCore
0x000000000d7f7000 	/System/Library/PrivateFrameworks/Ubiquity.framework/Versions/A/Ubiquity
0x000000000d7f7000 	/System/Library/PrivateFrameworks/IconServices.framework/Versions/A/IconServices
0x000000000d7f7000 	/System/Library/PrivateFrameworks/ChunkingLibrary.framework/Versions/A/ChunkingLibrary
0x000000000d7f7000 	/System/Library/PrivateFrameworks/Apple80211.framework/Versions/A/Apple80211
0x000000000d7f7000 	/System/Library/Frameworks/CoreWLAN.framework/Versions/A/CoreWLAN
0x000000000d7f7000 	/System/Library/Frameworks/IOBluetooth.framework/Versions/A/IOBluetooth
0x000000000d7f7000 	/System/Library/PrivateFrameworks/CoreWiFi.framework/Versions/A/CoreWiFi
0x000000000d7f7000 	/System/Library/Frameworks/CoreBluetooth.framework/Versions/A/CoreBluetooth
0x000000000d7f7000 	/System/Library/PrivateFrameworks/DebugSymbols.framework/Versions/A/DebugSymbols
0x000000000d7f7000 	/System/Library/PrivateFrameworks/CoreSymbolication.framework/Versions/A/CoreSymbolication
0x000000000d7f7000 	/System/Library/PrivateFrameworks/Symbolication.framework/Versions/A/Symbolication
0x000000000d7f7000 	/System/Library/PrivateFrameworks/SpeechRecognitionCore.framework/Versions/A/SpeechRecognitionCore
0x0000000102e00000 	/Library/Java/JavaVirtualMachines/jdk1.7.0_55.jdk/Contents/Home/jre/lib/server/libjvm.dylib
0x000000000d7f7000 	/usr/lib/libstdc++.6.dylib
0x0000000101cc0000 	/Library/Java/JavaVirtualMachines/jdk1.7.0_55.jdk/Contents/Home/jre/lib/libverify.dylib
0x0000000101ccd000 	/Library/Java/JavaVirtualMachines/jdk1.7.0_55.jdk/Contents/Home/jre/lib/libjava.dylib
0x0000000101cfe000 	/Library/Java/JavaVirtualMachines/jdk1.7.0_55.jdk/Contents/Home/jre/lib/libjdwp.dylib
0x0000000101d3b000 	/Library/Java/JavaVirtualMachines/jdk1.7.0_55.jdk/Contents/Home/jre/lib/libnpt.dylib
0x0000000101d3f000 	/Library/Java/JavaVirtualMachines/jdk1.7.0_55.jdk/Contents/Home/jre/lib/libinstrument.dylib
0x0000000101d99000 	/Library/Java/JavaVirtualMachines/jdk1.7.0_55.jdk/Contents/Home/jre/lib/libzip.dylib
0x000000010a8b1000 	/System/Library/Frameworks/JavaVM.framework/Frameworks/JavaRuntimeSupport.framework/JavaRuntimeSupport
0x000000010a8c7000 	/System/Library/Frameworks/JavaVM.framework/Versions/A/Frameworks/JavaNativeFoundation.framework/Versions/A/JavaNativeFoundation
0x000000010a8db000 	/System/Library/Frameworks/JavaVM.framework/Versions/A/JavaVM
0x000000000d7f7000 	/System/Library/Frameworks/Carbon.framework/Versions/A/Carbon
0x000000010a8e7000 	/System/Library/PrivateFrameworks/JavaLaunching.framework/Versions/A/JavaLaunching
0x000000000d7f7000 	/System/Library/Frameworks/Carbon.framework/Versions/A/Frameworks/CommonPanels.framework/Versions/A/CommonPanels
0x000000000d7f7000 	/System/Library/Frameworks/Carbon.framework/Versions/A/Frameworks/Help.framework/Versions/A/Help
0x000000000d7f7000 	/System/Library/Frameworks/Carbon.framework/Versions/A/Frameworks/ImageCapture.framework/Versions/A/ImageCapture
0x000000000d7f7000 	/System/Library/Frameworks/Carbon.framework/Versions/A/Frameworks/OpenScripting.framework/Versions/A/OpenScripting
0x000000000d7f7000 	/System/Library/Frameworks/Carbon.framework/Versions/A/Frameworks/Print.framework/Versions/A/Print
0x000000000d7f7000 	/System/Library/Frameworks/Carbon.framework/Versions/A/Frameworks/SecurityHI.framework/Versions/A/SecurityHI
0x000000010c277000 	/Library/Java/JavaVirtualMachines/jdk1.7.0_55.jdk/Contents/Home/jre/lib/libdt_socket.dylib
0x000000010cd8a000 	/Library/Java/JavaVirtualMachines/jdk1.7.0_55.jdk/Contents/Home/jre/lib/libawt.dylib
0x000000010ce39000 	/Library/Java/JavaVirtualMachines/jdk1.7.0_55.jdk/Contents/Home/jre/lib/./libmlib_image.dylib
0x000000010cf05000 	/Library/Java/JavaVirtualMachines/jdk1.7.0_55.jdk/Contents/Home/jre/lib/lwawt/liblwawt.dylib
0x000000010cfb9000 	/Library/Java/JavaVirtualMachines/jdk1.7.0_55.jdk/Contents/Home/jre/lib/libosxapp.dylib
0x000000000d7f7000 	/System/Library/Frameworks/ExceptionHandling.framework/Versions/A/ExceptionHandling
0x000000000d7f7000 	/System/Library/PrivateFrameworks/CoreServicesInternal.framework/Versions/A/CoreServicesInternal
0x000000000d7f7000 	/System/Library/PrivateFrameworks/CloudDocs.framework/Versions/A/CloudDocs
0x000000000d7f7000 	/System/Library/PrivateFrameworks/CoreDuet.framework/Versions/A/CoreDuet
0x000000000d7f7000 	/System/Library/Frameworks/CloudKit.framework/Versions/A/CloudKit
0x000000000d7f7000 	/System/Library/PrivateFrameworks/ProtocolBuffer.framework/Versions/A/ProtocolBuffer
0x000000000d7f7000 	/System/Library/PrivateFrameworks/CoreDuetDaemonProtocol.framework/Versions/A/CoreDuetDaemonProtocol
0x000000000d7f7000 	/System/Library/PrivateFrameworks/CoreDuetDebugLogging.framework/Versions/A/CoreDuetDebugLogging
0x000000000d7f7000 	/System/Library/Frameworks/CoreLocation.framework/Versions/A/CoreLocation
0x000000000d7f7000 	/System/Library/Frameworks/Accounts.framework/Versions/A/Accounts
0x000000000d7f7000 	/System/Library/PrivateFrameworks/ApplePushService.framework/Versions/A/ApplePushService
0x000000000d7f7000 	/System/Library/PrivateFrameworks/GeoServices.framework/Versions/A/GeoServices
0x000000000d7f7000 	/System/Library/PrivateFrameworks/OAuth.framework/Versions/A/OAuth
0x000000000d7f7000 	/System/Library/PrivateFrameworks/CoreDaemon.framework/Versions/B/CoreDaemon
0x000000000d7f7000 	/usr/lib/libcrypto.0.9.8.dylib
0x000000000d7f7000 	/System/Library/PrivateFrameworks/AppleSRP.framework/Versions/A/AppleSRP
0x000000000d7f7000 	/System/Library/PrivateFrameworks/TrustEvaluationAgent.framework/Versions/A/TrustEvaluationAgent
0x000000000d7f7000 	/System/Library/Frameworks/CoreGraphics.framework/Versions/A/Resources/libCGCMS.A.dylib
0x000000010e217000 	/Library/Java/JavaVirtualMachines/jdk1.7.0_55.jdk/Contents/Home/jre/lib/libfontmanager.dylib
0x000000010e332000 	/Library/Java/JavaVirtualMachines/jdk1.7.0_55.jdk/Contents/Home/jre/lib/libosx.dylib
0x000000010e56d000 	/Library/Java/JavaVirtualMachines/jdk1.7.0_55.jdk/Contents/Home/jre/lib/libnio.dylib
0x000000010e57c000 	/Library/Java/JavaVirtualMachines/jdk1.7.0_55.jdk/Contents/Home/jre/lib/./libnet.dylib
0x000000010e5d9000 	/Library/Java/JavaVirtualMachines/jdk1.7.0_55.jdk/Contents/Home/jre/lib/libsunec.dylib

VM Arguments:
jvm_args: -agentlib:jdwp=transport=dt_socket,suspend=y,address=localhost:51024 -Ddatastore.default_high_rep_job_policy_unapplied_job_pct=50 -Xmx512m -javaagent:/Users/admin/Downloads/eclipse_4/plugins/com.google.appengine.eclipse.sdkbundle_1.9.17/appengine-java-sdk-1.9.17/lib/agent/appengine-agent.jar -Xbootclasspath/p:/Users/admin/Downloads/eclipse_4/plugins/com.google.appengine.eclipse.sdkbundle_1.9.17/appengine-java-sdk-1.9.17/lib/override/appengine-dev-jdk-overrides.jar -Dfile.encoding=UTF-8 
java_command: com.google.appengine.tools.development.DevAppServerMain --port=8888 /Users/admin/git/analytics-bytes/SmsForGoogleAnalytic/war
Launcher Type: SUN_STANDARD

Environment Variables:
PATH=/usr/bin:/bin:/usr/sbin:/sbin
SHELL=/bin/bash

Signal Handlers:
SIGSEGV: [libjvm.dylib+0x5253e5], sa_mask[0]=0xfffefeff, sa_flags=0x00000043
SIGBUS: [libjvm.dylib+0x5253e5], sa_mask[0]=0xfffefeff, sa_flags=0x00000042
SIGFPE: [libjvm.dylib+0x4188a2], sa_mask[0]=0xfffefeff, sa_flags=0x00000042
SIGPIPE: [libjvm.dylib+0x4188a2], sa_mask[0]=0xfffefeff, sa_flags=0x00000042
SIGXFSZ: [libjvm.dylib+0x4188a2], sa_mask[0]=0xfffefeff, sa_flags=0x00000042
SIGILL: [libjvm.dylib+0x4188a2], sa_mask[0]=0xfffefeff, sa_flags=0x00000042
SIGUSR1: SIG_DFL, sa_mask[0]=0x00000000, sa_flags=0x00000000
SIGUSR2: [libjvm.dylib+0x418394], sa_mask[0]=0x00000004, sa_flags=0x00000042
SIGHUP: [libjvm.dylib+0x416623], sa_mask[0]=0xfffefeff, sa_flags=0x00000042
SIGINT: [libjvm.dylib+0x416623], sa_mask[0]=0xfffefeff, sa_flags=0x00000042
SIGTERM: [libjvm.dylib+0x416623], sa_mask[0]=0xfffefeff, sa_flags=0x00000042
SIGQUIT: [libjvm.dylib+0x416623], sa_mask[0]=0xfffefeff, sa_flags=0x00000042


---------------  S Y S T E M  ---------------

OS:Bsduname:Darwin 14.1.0 Darwin Kernel Version 14.1.0: Mon Dec 22 23:10:38 PST 2014; root:xnu-2782.10.72~2/RELEASE_X86_64 x86_64
rlimit: STACK 8192k, CORE 0k, NPROC 709, NOFILE 10240, AS infinity
load average:9.85 18.34 10.74

CPU:total 8 (4 cores per cpu, 2 threads per core) family 6 model 58 stepping 9, cmov, cx8, fxsr, mmx, sse, sse2, sse3, ssse3, sse4.1, sse4.2, popcnt, avx, aes, erms, ht, tsc, tscinvbit, tscinv

Memory: 4k page, physical 16777216k(4194304k free)

/proc/meminfo:


vm_info: Java HotSpot(TM) 64-Bit Server VM (24.55-b03) for bsd-amd64 JRE (1.7.0_55-b13), built on Mar 17 2014 19:40:08 by "java_re" with gcc 4.2.1 (Based on Apple Inc. build 5658) (LLVM build 2336.11.00)

time: Thu Jun  2 08:10:51 2016
elapsed time: 18243 seconds

